<?xml version="1.0" encoding="UTF-8"?>
<!-- Generated by org.testng.reporters.JUnitReportReporter -->
<testsuite skipped="0" hostname="FRP-LT043" name="Validation.DataProviderTest" tests="2" failures="0" timestamp="23 May 2018 15:44:44 GMT" time="17.982" errors="0">
  <testcase name="test" time="8.915" classname="Validation.DataProviderTest"/>
  <testcase name="test" time="9.067" classname="Validation.DataProviderTest"/>
</testsuite> <!-- Validation.DataProviderTest -->
